<?xml version="1.0" encoding="UTF-8"?>
<!-- Generated by org.testng.reporters.JUnitReportReporter -->
<testsuite hostname="LAPTOP-FMDH9RA6" failures="0" tests="8" name="com.testing.ws.UnitTests" time="0.048" errors="0" timestamp="2021-11-04T14:03:36 EDT" skipped="0">
  <testcase classname="com.testing.ws.UnitTests" name="test_data_threeparameterconstructor" time="0.003"/>
  <system-out/>
  <testcase classname="com.testing.ws.UnitTests" name="test_todoitem_medium" time="0.003"/>
  <system-out/>
  <testcase classname="com.testing.ws.UnitTests" name="test_data_getDescription" time="0.003"/>
  <system-out/>
  <testcase classname="com.testing.ws.UnitTests" name="test_data_zeroparameterconstructor" time="0.003"/>
  <system-out/>
  <testcase classname="com.testing.ws.UnitTests" name="test_todoitem_low" time="0.002"/>
  <system-out/>
  <testcase classname="com.testing.ws.UnitTests" name="test_todoitem_high" time="0.012"/>
  <system-out/>
  <testcase classname="com.testing.ws.UnitTests" name="test_data_getCompleteDate" time="0.018"/>
  <system-out/>
  <testcase classname="com.testing.ws.UnitTests" name="test_data_getPriority" time="0.004"/>
  <system-out/>
</testsuite> <!-- com.testing.ws.UnitTests -->
