<?xml version="1.0" encoding="UTF-8"?>
<!-- Generated by org.testng.reporters.JUnitReportReporter -->
<testsuite hostname="LAPTOP-FMDH9RA6" failures="0" tests="10" name="com.testing.UnitTests" time="0.045" errors="0" timestamp="2021-11-04T13:59:37 EDT" skipped="0">
  <testcase classname="com.testing.UnitTests" name="test_data_getPriority" time="0.002"/>
  <system-out/>
  <testcase classname="com.testing.UnitTests" name="test_data_getCompleteDate" time="0.007"/>
  <system-out/>
  <testcase classname="com.testing.UnitTests" name="test_priority_LengthException" time="0.002"/>
  <system-out/>
  <testcase classname="com.testing.UnitTests" name="test_data_threeparameterconstructor" time="0.005"/>
  <system-out/>
  <testcase classname="com.testing.UnitTests" name="test_data_zeroparameterconstructor" time="0.002"/>
  <system-out/>
  <testcase classname="com.testing.UnitTests" name="test_empty_NullException" time="0.002"/>
  <system-out/>
  <testcase classname="com.testing.UnitTests" name="test_null_NullException" time="0.001"/>
  <system-out/>
  <testcase classname="com.testing.UnitTests" name="test_description_LengthException" time="0.003"/>
  <system-out/>
  <testcase classname="com.testing.UnitTests" name="test_completedate_LengthException" time="0.018"/>
  <system-out/>
  <testcase classname="com.testing.UnitTests" name="test_data_getDescription" time="0.003"/>
  <system-out/>
</testsuite> <!-- com.testing.UnitTests -->
