<?xml version="1.0" encoding="UTF-8"?>
<!-- Generated by org.testng.reporters.JUnitReportReporter -->
<testsuite hostname="LAPTOP-FMDH9RA6" failures="0" tests="3" name="com.hibernate.UnitTests" time="0.223" errors="0" timestamp="2021-10-27T16:24:46 EDT" skipped="0">
  <testcase classname="com.hibernate.UnitTests" name="test_todoitem_high" time="0.214"/>
  <system-out/>
  <testcase classname="com.hibernate.UnitTests" name="test_todoitem_medium" time="0.003"/>
  <system-out/>
  <testcase classname="com.hibernate.UnitTests" name="test_todoitem_low" time="0.006"/>
  <system-out/>
</testsuite> <!-- com.hibernate.UnitTests -->
